<?xml version="1.0" encoding="UTF-8"?>
<!-- Generated by org.testng.reporters.JUnitReportReporter -->
<testsuite skipped="0" hostname="EQUIPO" name="pageTest.NewTest" tests="1" failures="0" timestamp="14 ago 2019 18:37:59 GMT" time="31.934" errors="0">
  <testcase name="ArticleOrderTest" time="31.934" classname="pageTest.NewTest"/>
</testsuite> <!-- pageTest.NewTest -->
