<?xml version="1.0" encoding="UTF-8"?>
<!-- Generated by org.testng.reporters.JUnitReportReporter -->
<testsuite skipped="0" hostname="EQUIPO" name="pageTest.FirefoxEbayOrderTest" tests="1" failures="0" timestamp="15 ago 2019 00:02:32 GMT" time="155.898" errors="0">
  <testcase name="ArticleOrderTest" time="155.898" classname="pageTest.FirefoxEbayOrderTest"/>
</testsuite> <!-- pageTest.FirefoxEbayOrderTest -->
